# JRE version: OpenJDK Runtime Environment Temurin-21.0.11+10 (21.0.11+10) (build 21.0.11+10-LTS)
# Java VM: OpenJDK 64-Bit Server VM Temurin-21.0.11+10 (21.0.11+10-LTS, mixed mode, sharing, tiered, compressed oops, compressed class ptrs, parallel gc, windows-amd64)
GC Precious Log:
 CardTable entry size: 512
 CPUs: 12 total, 12 available
 Memory: 7484M
 Large Page Support: Disabled
 NUMA Support: Disabled
 Compressed Oops: Enabled (32-bit)
 Alignments: Space 512K, Generation 512K, Heap 2M
 Heap Min Capacity: 100M
 Heap Initial Capacity: 100M
 Heap Max Capacity: 2G
 Pre-touch: Disabled
 Parallel Workers: 10
Heap:
 PSYoungGen      total 6144K, used 3964K [0x00000000d5580000, 0x00000000d5d80000, 0x0000000100000000)
  eden space 5120K, 63% used [0x00000000d5580000,0x00000000d58b2380,0x00000000d5a80000)
  from space 1024K, 67% used [0x00000000d5c80000,0x00000000d5d2d010,0x00000000d5d80000)
  to   space 1536K, 0% used [0x00000000d5a80000,0x00000000d5a80000,0x00000000d5c00000)
 ParOldGen       total 1232896K, used 1232609K [0x0000000080000000, 0x00000000cb400000, 0x00000000d5580000)
  object space 1232896K, 99% used [0x0000000080000000,0x00000000cb3b8798,0x00000000cb400000)
 Metaspace       used 82474K, committed 84160K, reserved 1179648K
  class space    used 8882K, committed 9728K, reserved 1048576K
GC Heap History (20 events):
Event: 33627.211 GC heap before
{Heap before GC invocations=2878 (full 5):
 PSYoungGen      total 2048K, used 1663K [0x00000000d5580000, 0x00000000d5c80000, 0x0000000100000000)
  eden space 1024K, 99% used [0x00000000d5580000,0x00000000d567ffa0,0x00000000d5680000)
  from space 1024K, 62% used [0x00000000d5b80000,0x00000000d5c20000,0x00000000d5c80000)
  to   space 1536K, 0% used [0x00000000d5980000,0x00000000d5980000,0x00000000d5b00000)
 ParOldGen       total 1218048K, used 1217550K [0x0000000080000000, 0x00000000ca580000, 0x00000000d5580000)
  object space 1218048K, 99% used [0x0000000080000000,0x00000000ca503a80,0x00000000ca580000)
 Metaspace       used 82474K, committed 84160K, reserved 1179648K
  class space    used 8882K, committed 9728K, reserved 1048576K
}
Event: 33627.214 GC heap after
{Heap after GC invocations=2878 (full 5):
 PSYoungGen      total 3072K, used 1120K [0x00000000d5580000, 0x00000000d5c00000, 0x0000000100000000)
  eden space 1536K, 0% used [0x00000000d5580000,0x00000000d5580000,0x00000000d5700000)
  from space 1536K, 72% used [0x00000000d5980000,0x00000000d5a98000,0x00000000d5b00000)
  to   space 1024K, 0% used [0x00000000d5b00000,0x00000000d5b00000,0x00000000d5c00000)
 ParOldGen       total 1218560K, used 1218078K [0x0000000080000000, 0x00000000ca600000, 0x00000000d5580000)
  object space 1218560K, 99% used [0x0000000080000000,0x00000000ca587a80,0x00000000ca600000)
 Metaspace       used 82474K, committed 84160K, reserved 1179648K
  class space    used 8882K, committed 9728K, reserved 1048576K
}
Event: 33627.219 GC heap before
{Heap before GC invocations=2879 (full 5):
 PSYoungGen      total 3072K, used 2656K [0x00000000d5580000, 0x00000000d5c00000, 0x0000000100000000)
  eden space 1536K, 100% used [0x00000000d5580000,0x00000000d5700000,0x00000000d5700000)
  from space 1536K, 72% used [0x00000000d5980000,0x00000000d5a98000,0x00000000d5b00000)
  to   space 1024K, 0% used [0x00000000d5b00000,0x00000000d5b00000,0x00000000d5c00000)
 ParOldGen       total 1218560K, used 1218078K [0x0000000080000000, 0x00000000ca600000, 0x00000000d5580000)
  object space 1218560K, 99% used [0x0000000080000000,0x00000000ca587a80,0x00000000ca600000)
 Metaspace       used 82474K, committed 84160K, reserved 1179648K
  class space    used 8882K, committed 9728K, reserved 1048576K
}
Event: 33627.222 GC heap after
{Heap after GC invocations=2879 (full 5):
 PSYoungGen      total 3072K, used 1024K [0x00000000d5580000, 0x00000000d5d80000, 0x0000000100000000)
  eden space 2048K, 0% used [0x00000000d5580000,0x00000000d5580000,0x00000000d5780000)
  from space 1024K, 100% used [0x00000000d5b00000,0x00000000d5c00000,0x00000000d5c00000)
  to   space 3072K, 0% used [0x00000000d5780000,0x00000000d5780000,0x00000000d5a80000)
 ParOldGen       total 1220096K, used 1219606K [0x0000000080000000, 0x00000000ca780000, 0x00000000d5580000)
  object space 1220096K, 99% used [0x0000000080000000,0x00000000ca705a80,0x00000000ca780000)
 Metaspace       used 82474K, committed 84160K, reserved 1179648K
  class space    used 8882K, committed 9728K, reserved 1048576K
}
Event: 33627.249 GC heap before
{Heap before GC invocations=2880 (full 5):
 PSYoungGen      total 3072K, used 3048K [0x00000000d5580000, 0x00000000d5d80000, 0x0000000100000000)
  eden space 2048K, 98% used [0x00000000d5580000,0x00000000d577a0c8,0x00000000d5780000)
  from space 1024K, 100% used [0x00000000d5b00000,0x00000000d5c00000,0x00000000d5c00000)
  to   space 3072K, 0% used [0x00000000d5780000,0x00000000d5780000,0x00000000d5a80000)
 ParOldGen       total 1220096K, used 1219606K [0x0000000080000000, 0x00000000ca780000, 0x00000000d5580000)
  object space 1220096K, 99% used [0x0000000080000000,0x00000000ca705a80,0x00000000ca780000)
 Metaspace       used 82474K, committed 84160K, reserved 1179648K
  class space    used 8882K, committed 9728K, reserved 1048576K
}
Event: 33627.258 GC heap after
{Heap after GC invocations=2880 (full 5):
 PSYoungGen      total 4096K, used 1609K [0x00000000d5580000, 0x00000000d5c00000, 0x0000000100000000)
  eden space 2048K, 0% used [0x00000000d5580000,0x00000000d5580000,0x00000000d5780000)
  from space 2048K, 78% used [0x00000000d5780000,0x00000000d5912640,0x00000000d5980000)
  to   space 2048K, 0% used [0x00000000d5a00000,0x00000000d5a00000,0x00000000d5c00000)
 ParOldGen       total 1221120K, used 1220662K [0x0000000080000000, 0x00000000ca880000, 0x00000000d5580000)
  object space 1221120K, 99% used [0x0000000080000000,0x00000000ca80da80,0x00000000ca880000)
 Metaspace       used 82474K, committed 84160K, reserved 1179648K
  class space    used 8882K, committed 9728K, reserved 1048576K
}
Event: 33627.276 GC heap before
{Heap before GC invocations=2881 (full 5):
 PSYoungGen      total 4096K, used 3657K [0x00000000d5580000, 0x00000000d5c00000, 0x0000000100000000)
  eden space 2048K, 100% used [0x00000000d5580000,0x00000000d5780000,0x00000000d5780000)
  from space 2048K, 78% used [0x00000000d5780000,0x00000000d5912640,0x00000000d5980000)
  to   space 2048K, 0% used [0x00000000d5a00000,0x00000000d5a00000,0x00000000d5c00000)
 ParOldGen       total 1221120K, used 1220687K [0x0000000080000000, 0x00000000ca880000, 0x00000000d5580000)
  object space 1221120K, 99% used [0x0000000080000000,0x00000000ca813cb8,0x00000000ca880000)
 Metaspace       used 82474K, committed 84160K, reserved 1179648K
  class space    used 8882K, committed 9728K, reserved 1048576K
}
Event: 33627.286 GC heap after
{Heap after GC invocations=2881 (full 5):
 PSYoungGen      total 4096K, used 1992K [0x00000000d5580000, 0x00000000d5d00000, 0x0000000100000000)
  eden space 2048K, 0% used [0x00000000d5580000,0x00000000d5580000,0x00000000d5780000)
  from space 2048K, 97% used [0x00000000d5a00000,0x00000000d5bf2040,0x00000000d5c00000)
  to   space 2560K, 0% used [0x00000000d5780000,0x00000000d5780000,0x00000000d5a00000)
 ParOldGen       total 1222144K, used 1221687K [0x0000000080000000, 0x00000000ca980000, 0x00000000d5580000)
  object space 1222144K, 99% used [0x0000000080000000,0x00000000ca90dcb8,0x00000000ca980000)
 Metaspace       used 82474K, committed 84160K, reserved 1179648K
  class space    used 8882K, committed 9728K, reserved 1048576K
}
Event: 33627.356 GC heap before
{Heap before GC invocations=2882 (full 5):
 PSYoungGen      total 4096K, used 4040K [0x00000000d5580000, 0x00000000d5d00000, 0x0000000100000000)
  eden space 2048K, 100% used [0x00000000d5580000,0x00000000d5780000,0x00000000d5780000)
  from space 2048K, 97% used [0x00000000d5a00000,0x00000000d5bf2040,0x00000000d5c00000)
  to   space 2560K, 0% used [0x00000000d5780000,0x00000000d5780000,0x00000000d5a00000)
 ParOldGen       total 1223168K, used 1222684K [0x0000000080000000, 0x00000000caa80000, 0x00000000d5580000)
  object space 1223168K, 99% used [0x0000000080000000,0x00000000caa07038,0x00000000caa80000)
 Metaspace       used 82474K, committed 84160K, reserved 1179648K
  class space    used 8882K, committed 9728K, reserved 1048576K
}
Event: 33627.369 GC heap after
{Heap after GC invocations=2882 (full 5):
 PSYoungGen      total 4608K, used 1875K [0x00000000d5580000, 0x00000000d5c00000, 0x0000000100000000)
  eden space 2048K, 0% used [0x00000000d5580000,0x00000000d5580000,0x00000000d5780000)
  from space 2560K, 73% used [0x00000000d5780000,0x00000000d5954c80,0x00000000d5a00000)
  to   space 2048K, 0% used [0x00000000d5a00000,0x00000000d5a00000,0x00000000d5c00000)
 ParOldGen       total 1223680K, used 1223568K [0x0000000080000000, 0x00000000cab00000, 0x00000000d5580000)
  object space 1223680K, 99% used [0x0000000080000000,0x00000000caae4290,0x00000000cab00000)
 Metaspace       used 82474K, committed 84160K, reserved 1179648K
  class space    used 8882K, committed 9728K, reserved 1048576K
}
Event: 33627.376 GC heap before
{Heap before GC invocations=2883 (full 5):
 PSYoungGen      total 4608K, used 3923K [0x00000000d5580000, 0x00000000d5c00000, 0x0000000100000000)
  eden space 2048K, 99% used [0x00000000d5580000,0x00000000d577fff8,0x00000000d5780000)
  from space 2560K, 73% used [0x00000000d5780000,0x00000000d5954c80,0x00000000d5a00000)
  to   space 2048K, 0% used [0x00000000d5a00000,0x00000000d5a00000,0x00000000d5c00000)
 ParOldGen       total 1223680K, used 1223568K [0x0000000080000000, 0x00000000cab00000, 0x00000000d5580000)
  object space 1223680K, 99% used [0x0000000080000000,0x00000000caae4290,0x00000000cab00000)
 Metaspace       used 82474K, committed 84160K, reserved 1179648K
  class space    used 8882K, committed 9728K, reserved 1048576K
}
Event: 33627.383 GC heap after
{Heap after GC invocations=2883 (full 5):
 PSYoungGen      total 4608K, used 1979K [0x00000000d5580000, 0x00000000d5c00000, 0x0000000100000000)
  eden space 2560K, 0% used [0x00000000d5580000,0x00000000d5580000,0x00000000d5800000)
  from space 2048K, 96% used [0x00000000d5a00000,0x00000000d5beef40,0x00000000d5c00000)
  to   space 2048K, 0% used [0x00000000d5800000,0x00000000d5800000,0x00000000d5a00000)
 ParOldGen       total 1225728K, used 1225323K [0x0000000080000000, 0x00000000cad00000, 0x00000000d5580000)
  object space 1225728K, 99% used [0x0000000080000000,0x00000000cac9af10,0x00000000cad00000)
 Metaspace       used 82474K, committed 84160K, reserved 1179648K
  class space    used 8882K, committed 9728K, reserved 1048576K
}
Event: 33627.389 GC heap before
{Heap before GC invocations=2884 (full 5):
 PSYoungGen      total 4608K, used 4539K [0x00000000d5580000, 0x00000000d5c00000, 0x0000000100000000)
  eden space 2560K, 100% used [0x00000000d5580000,0x00000000d5800000,0x00000000d5800000)
  from space 2048K, 96% used [0x00000000d5a00000,0x00000000d5beef40,0x00000000d5c00000)
  to   space 2048K, 0% used [0x00000000d5800000,0x00000000d5800000,0x00000000d5a00000)
 ParOldGen       total 1225728K, used 1225323K [0x0000000080000000, 0x00000000cad00000, 0x00000000d5580000)
  object space 1225728K, 99% used [0x0000000080000000,0x00000000cac9af10,0x00000000cad00000)
 Metaspace       used 82474K, committed 84160K, reserved 1179648K
  class space    used 8882K, committed 9728K, reserved 1048576K
}
Event: 33627.395 GC heap after
{Heap after GC invocations=2884 (full 5):
 PSYoungGen      total 4608K, used 2048K [0x00000000d5580000, 0x00000000d6280000, 0x0000000100000000)
  eden space 2560K, 0% used [0x00000000d5580000,0x00000000d5580000,0x00000000d5800000)
  from space 2048K, 100% used [0x00000000d5800000,0x00000000d5a00000,0x00000000d5a00000)
  to   space 5120K, 0% used [0x00000000d5d80000,0x00000000d5d80000,0x00000000d6280000)
 ParOldGen       total 1227776K, used 1227615K [0x0000000080000000, 0x00000000caf00000, 0x00000000d5580000)
  object space 1227776K, 99% used [0x0000000080000000,0x00000000caed7e60,0x00000000caf00000)
 Metaspace       used 82474K, committed 84160K, reserved 1179648K
  class space    used 8882K, committed 9728K, reserved 1048576K
}
Event: 33627.413 GC heap before
{Heap before GC invocations=2885 (full 5):
 PSYoungGen      total 4608K, used 4608K [0x00000000d5580000, 0x00000000d6280000, 0x0000000100000000)
  eden space 2560K, 100% used [0x00000000d5580000,0x00000000d5800000,0x00000000d5800000)
  from space 2048K, 100% used [0x00000000d5800000,0x00000000d5a00000,0x00000000d5a00000)
  to   space 5120K, 0% used [0x00000000d5d80000,0x00000000d5d80000,0x00000000d6280000)
 ParOldGen       total 1227776K, used 1227615K [0x0000000080000000, 0x00000000caf00000, 0x00000000d5580000)
  object space 1227776K, 99% used [0x0000000080000000,0x00000000caed7e60,0x00000000caf00000)
 Metaspace       used 82474K, committed 84160K, reserved 1179648K
  class space    used 8882K, committed 9728K, reserved 1048576K
}
Event: 33627.418 GC heap after
{Heap after GC invocations=2885 (full 5):
 PSYoungGen      total 5632K, used 2196K [0x00000000d5580000, 0x00000000d6000000, 0x0000000100000000)
  eden space 3072K, 0% used [0x00000000d5580000,0x00000000d5580000,0x00000000d5880000)
  from space 2560K, 85% used [0x00000000d5d80000,0x00000000d5fa5200,0x00000000d6000000)
  to   space 3072K, 0% used [0x00000000d5a00000,0x00000000d5a00000,0x00000000d5d00000)
 ParOldGen       total 1229824K, used 1229727K [0x0000000080000000, 0x00000000cb100000, 0x00000000d5580000)
  object space 1229824K, 99% used [0x0000000080000000,0x00000000cb0e7e60,0x00000000cb100000)
 Metaspace       used 82474K, committed 84160K, reserved 1179648K
  class space    used 8882K, committed 9728K, reserved 1048576K
}
Event: 33627.493 GC heap before
{Heap before GC invocations=2886 (full 5):
 PSYoungGen      total 5632K, used 5268K [0x00000000d5580000, 0x00000000d6000000, 0x0000000100000000)
  eden space 3072K, 99% used [0x00000000d5580000,0x00000000d587ffe8,0x00000000d5880000)
  from space 2560K, 85% used [0x00000000d5d80000,0x00000000d5fa5200,0x00000000d6000000)
  to   space 3072K, 0% used [0x00000000d5a00000,0x00000000d5a00000,0x00000000d5d00000)
 ParOldGen       total 1229824K, used 1229727K [0x0000000080000000, 0x00000000cb100000, 0x00000000d5580000)
  object space 1229824K, 99% used [0x0000000080000000,0x00000000cb0e7e60,0x00000000cb100000)
 Metaspace       used 82474K, committed 84160K, reserved 1179648K
  class space    used 8882K, committed 9728K, reserved 1048576K
}
Event: 33627.499 GC heap after
{Heap after GC invocations=2886 (full 5):
 PSYoungGen      total 6656K, used 2139K [0x00000000d5580000, 0x00000000d5e80000, 0x0000000100000000)
  eden space 4096K, 0% used [0x00000000d5580000,0x00000000d5580000,0x00000000d5980000)
  from space 2560K, 83% used [0x00000000d5a00000,0x00000000d5c16d08,0x00000000d5c80000)
  to   space 2048K, 0% used [0x00000000d5c80000,0x00000000d5c80000,0x00000000d5e80000)
 ParOldGen       total 1231872K, used 1231812K [0x0000000080000000, 0x00000000cb300000, 0x00000000d5580000)
  object space 1231872K, 99% used [0x0000000080000000,0x00000000cb2f1060,0x00000000cb300000)
 Metaspace       used 82474K, committed 84160K, reserved 1179648K
  class space    used 8882K, committed 9728K, reserved 1048576K
}
Event: 33627.557 GC heap before
{Heap before GC invocations=2887 (full 5):
 PSYoungGen      total 6656K, used 6235K [0x00000000d5580000, 0x00000000d5e80000, 0x0000000100000000)
  eden space 4096K, 100% used [0x00000000d5580000,0x00000000d5980000,0x00000000d5980000)
  from space 2560K, 83% used [0x00000000d5a00000,0x00000000d5c16d08,0x00000000d5c80000)
  to   space 2048K, 0% used [0x00000000d5c80000,0x00000000d5c80000,0x00000000d5e80000)
 ParOldGen       total 1231872K, used 1231812K [0x0000000080000000, 0x00000000cb300000, 0x00000000d5580000)
  object space 1231872K, 99% used [0x0000000080000000,0x00000000cb2f1060,0x00000000cb300000)
 Metaspace       used 82474K, committed 84160K, reserved 1179648K
  class space    used 8882K, committed 9728K, reserved 1048576K
}
Event: 33627.563 GC heap after
{Heap after GC invocations=2887 (full 5):
 PSYoungGen      total 6144K, used 692K [0x00000000d5580000, 0x00000000d5d80000, 0x0000000100000000)
  eden space 5120K, 0% used [0x00000000d5580000,0x00000000d5580000,0x00000000d5a80000)
  from space 1024K, 67% used [0x00000000d5c80000,0x00000000d5d2d010,0x00000000d5d80000)
  to   space 1536K, 0% used [0x00000000d5a80000,0x00000000d5a80000,0x00000000d5c00000)
 ParOldGen       total 1232896K, used 1232609K [0x0000000080000000, 0x00000000cb400000, 0x00000000d5580000)
  object space 1232896K, 99% used [0x0000000080000000,0x00000000cb3b8798,0x00000000cb400000)
 Metaspace       used 82474K, committed 84160K, reserved 1179648K
  class space    used 8882K, committed 9728K, reserved 1048576K
}

