# JRE version: OpenJDK Runtime Environment Temurin-21.0.11+10 (21.0.11+10) (build 21.0.11+10-LTS)
# Java VM: OpenJDK 64-Bit Server VM Temurin-21.0.11+10 (21.0.11+10-LTS, mixed mode, sharing, tiered, compressed oops, compressed class ptrs, parallel gc, windows-amd64)
GC Precious Log:
 CardTable entry size: 512
 CPUs: 12 total, 12 available
 Memory: 7484M
 Large Page Support: Disabled
 NUMA Support: Disabled
 Compressed Oops: Enabled (32-bit)
 Alignments: Space 512K, Generation 512K, Heap 2M
 Heap Min Capacity: 100M
 Heap Initial Capacity: 100M
 Heap Max Capacity: 2G
 Pre-touch: Disabled
 Parallel Workers: 10
Heap:
 PSYoungGen      total 3072K, used 2751K [0x00000000d5580000, 0x00000000d5980000, 0x0000000100000000)
  eden space 2048K, 100% used [0x00000000d5580000,0x00000000d5780000,0x00000000d5780000)
  from space 1024K, 68% used [0x00000000d5880000,0x00000000d592fc00,0x00000000d5980000)
  to   space 1024K, 0% used [0x00000000d5780000,0x00000000d5780000,0x00000000d5880000)
 ParOldGen       total 1217024K, used 1216596K [0x0000000080000000, 0x00000000ca480000, 0x00000000d5580000)
  object space 1217024K, 99% used [0x0000000080000000,0x00000000ca415318,0x00000000ca480000)
 Metaspace       used 94669K, committed 96704K, reserved 1179648K
  class space    used 9958K, committed 10880K, reserved 1048576K
GC Heap History (20 events):
Event: 9145.815 GC heap before
{Heap before GC invocations=4265 (full 6):
 PSYoungGen      total 7168K, used 6944K [0x00000000d5580000, 0x00000000d5d80000, 0x0000000100000000)
  eden space 6144K, 100% used [0x00000000d5580000,0x00000000d5b80000,0x00000000d5b80000)
  from space 1024K, 78% used [0x00000000d5c80000,0x00000000d5d48000,0x00000000d5d80000)
  to   space 1024K, 0% used [0x00000000d5b80000,0x00000000d5b80000,0x00000000d5c80000)
 ParOldGen       total 1204224K, used 1204213K [0x0000000080000000, 0x00000000c9800000, 0x00000000d5580000)
  object space 1204224K, 99% used [0x0000000080000000,0x00000000c97fd510,0x00000000c9800000)
 Metaspace       used 94669K, committed 96704K, reserved 1179648K
  class space    used 9958K, committed 10880K, reserved 1048576K
}
Event: 9145.821 GC heap after
{Heap after GC invocations=4265 (full 6):
 PSYoungGen      total 7168K, used 416K [0x00000000d5580000, 0x00000000d5d80000, 0x0000000100000000)
  eden space 6144K, 0% used [0x00000000d5580000,0x00000000d5580000,0x00000000d5b80000)
  from space 1024K, 40% used [0x00000000d5b80000,0x00000000d5be8000,0x00000000d5c80000)
  to   space 1024K, 0% used [0x00000000d5c80000,0x00000000d5c80000,0x00000000d5d80000)
 ParOldGen       total 1205248K, used 1204829K [0x0000000080000000, 0x00000000c9900000, 0x00000000d5580000)
  object space 1205248K, 99% used [0x0000000080000000,0x00000000c9897510,0x00000000c9900000)
 Metaspace       used 94669K, committed 96704K, reserved 1179648K
  class space    used 9958K, committed 10880K, reserved 1048576K
}
Event: 9145.854 GC heap before
{Heap before GC invocations=4266 (full 6):
 PSYoungGen      total 7168K, used 6560K [0x00000000d5580000, 0x00000000d5d80000, 0x0000000100000000)
  eden space 6144K, 100% used [0x00000000d5580000,0x00000000d5b80000,0x00000000d5b80000)
  from space 1024K, 40% used [0x00000000d5b80000,0x00000000d5be8000,0x00000000d5c80000)
  to   space 1024K, 0% used [0x00000000d5c80000,0x00000000d5c80000,0x00000000d5d80000)
 ParOldGen       total 1205248K, used 1204829K [0x0000000080000000, 0x00000000c9900000, 0x00000000d5580000)
  object space 1205248K, 99% used [0x0000000080000000,0x00000000c9897510,0x00000000c9900000)
 Metaspace       used 94669K, committed 96704K, reserved 1179648K
  class space    used 9958K, committed 10880K, reserved 1048576K
}
Event: 9145.857 GC heap after
{Heap after GC invocations=4266 (full 6):
 PSYoungGen      total 7168K, used 736K [0x00000000d5580000, 0x00000000d5d80000, 0x0000000100000000)
  eden space 6144K, 0% used [0x00000000d5580000,0x00000000d5580000,0x00000000d5b80000)
  from space 1024K, 71% used [0x00000000d5c80000,0x00000000d5d38000,0x00000000d5d80000)
  to   space 1024K, 0% used [0x00000000d5b80000,0x00000000d5b80000,0x00000000d5c80000)
 ParOldGen       total 1205248K, used 1205125K [0x0000000080000000, 0x00000000c9900000, 0x00000000d5580000)
  object space 1205248K, 99% used [0x0000000080000000,0x00000000c98e1510,0x00000000c9900000)
 Metaspace       used 94669K, committed 96704K, reserved 1179648K
  class space    used 9958K, committed 10880K, reserved 1048576K
}
Event: 9145.896 GC heap before
{Heap before GC invocations=4267 (full 6):
 PSYoungGen      total 7168K, used 6880K [0x00000000d5580000, 0x00000000d5d80000, 0x0000000100000000)
  eden space 6144K, 100% used [0x00000000d5580000,0x00000000d5b80000,0x00000000d5b80000)
  from space 1024K, 71% used [0x00000000d5c80000,0x00000000d5d38000,0x00000000d5d80000)
  to   space 1024K, 0% used [0x00000000d5b80000,0x00000000d5b80000,0x00000000d5c80000)
 ParOldGen       total 1205248K, used 1205125K [0x0000000080000000, 0x00000000c9900000, 0x00000000d5580000)
  object space 1205248K, 99% used [0x0000000080000000,0x00000000c98e1510,0x00000000c9900000)
 Metaspace       used 94669K, committed 96704K, reserved 1179648K
  class space    used 9958K, committed 10880K, reserved 1048576K
}
Event: 9145.902 GC heap after
{Heap after GC invocations=4267 (full 6):
 PSYoungGen      total 7168K, used 800K [0x00000000d5580000, 0x00000000d5d80000, 0x0000000100000000)
  eden space 6144K, 0% used [0x00000000d5580000,0x00000000d5580000,0x00000000d5b80000)
  from space 1024K, 78% used [0x00000000d5b80000,0x00000000d5c48000,0x00000000d5c80000)
  to   space 1024K, 0% used [0x00000000d5c80000,0x00000000d5c80000,0x00000000d5d80000)
 ParOldGen       total 1205760K, used 1205725K [0x0000000080000000, 0x00000000c9980000, 0x00000000d5580000)
  object space 1205760K, 99% used [0x0000000080000000,0x00000000c9977510,0x00000000c9980000)
 Metaspace       used 94669K, committed 96704K, reserved 1179648K
  class space    used 9958K, committed 10880K, reserved 1048576K
}
Event: 9146.332 GC heap before
{Heap before GC invocations=4268 (full 6):
 PSYoungGen      total 7168K, used 6944K [0x00000000d5580000, 0x00000000d5d80000, 0x0000000100000000)
  eden space 6144K, 100% used [0x00000000d5580000,0x00000000d5b80000,0x00000000d5b80000)
  from space 1024K, 78% used [0x00000000d5b80000,0x00000000d5c48000,0x00000000d5c80000)
  to   space 1024K, 0% used [0x00000000d5c80000,0x00000000d5c80000,0x00000000d5d80000)
 ParOldGen       total 1205760K, used 1205725K [0x0000000080000000, 0x00000000c9980000, 0x00000000d5580000)
  object space 1205760K, 99% used [0x0000000080000000,0x00000000c9977510,0x00000000c9980000)
 Metaspace       used 94669K, committed 96704K, reserved 1179648K
  class space    used 9958K, committed 10880K, reserved 1048576K
}
Event: 9146.397 GC heap after
{Heap after GC invocations=4268 (full 6):
 PSYoungGen      total 2560K, used 1008K [0x00000000d5580000, 0x00000000d6680000, 0x0000000100000000)
  eden space 1536K, 0% used [0x00000000d5580000,0x00000000d5580000,0x00000000d5700000)
  from space 1024K, 98% used [0x00000000d5c80000,0x00000000d5d7c1b0,0x00000000d5d80000)
  to   space 5632K, 0% used [0x00000000d5700000,0x00000000d5700000,0x00000000d5c80000)
 ParOldGen       total 1209856K, used 1209355K [0x0000000080000000, 0x00000000c9d80000, 0x00000000d5580000)
  object space 1209856K, 99% used [0x0000000080000000,0x00000000c9d02d80,0x00000000c9d80000)
 Metaspace       used 94669K, committed 96704K, reserved 1179648K
  class space    used 9958K, committed 10880K, reserved 1048576K
}
Event: 9146.456 GC heap before
{Heap before GC invocations=4269 (full 6):
 PSYoungGen      total 2560K, used 2544K [0x00000000d5580000, 0x00000000d6680000, 0x0000000100000000)
  eden space 1536K, 100% used [0x00000000d5580000,0x00000000d5700000,0x00000000d5700000)
  from space 1024K, 98% used [0x00000000d5c80000,0x00000000d5d7c1b0,0x00000000d5d80000)
  to   space 5632K, 0% used [0x00000000d5700000,0x00000000d5700000,0x00000000d5c80000)
 ParOldGen       total 1209856K, used 1209355K [0x0000000080000000, 0x00000000c9d80000, 0x00000000d5580000)
  object space 1209856K, 99% used [0x0000000080000000,0x00000000c9d02d80,0x00000000c9d80000)
 Metaspace       used 94669K, committed 96704K, reserved 1179648K
  class space    used 9958K, committed 10880K, reserved 1048576K
}
Event: 9146.464 GC heap after
{Heap after GC invocations=4269 (full 6):
 PSYoungGen      total 3584K, used 1568K [0x00000000d5580000, 0x00000000d5d00000, 0x0000000100000000)
  eden space 1536K, 0% used [0x00000000d5580000,0x00000000d5580000,0x00000000d5700000)
  from space 2048K, 76% used [0x00000000d5700000,0x00000000d5888000,0x00000000d5900000)
  to   space 3072K, 0% used [0x00000000d5a00000,0x00000000d5a00000,0x00000000d5d00000)
 ParOldGen       total 1210880K, used 1210395K [0x0000000080000000, 0x00000000c9e80000, 0x00000000d5580000)
  object space 1210880K, 99% used [0x0000000080000000,0x00000000c9e06f30,0x00000000c9e80000)
 Metaspace       used 94669K, committed 96704K, reserved 1179648K
  class space    used 9958K, committed 10880K, reserved 1048576K
}
Event: 9146.568 GC heap before
{Heap before GC invocations=4270 (full 6):
 PSYoungGen      total 3584K, used 3104K [0x00000000d5580000, 0x00000000d5d00000, 0x0000000100000000)
  eden space 1536K, 100% used [0x00000000d5580000,0x00000000d5700000,0x00000000d5700000)
  from space 2048K, 76% used [0x00000000d5700000,0x00000000d5888000,0x00000000d5900000)
  to   space 3072K, 0% used [0x00000000d5a00000,0x00000000d5a00000,0x00000000d5d00000)
 ParOldGen       total 1210880K, used 1210395K [0x0000000080000000, 0x00000000c9e80000, 0x00000000d5580000)
  object space 1210880K, 99% used [0x0000000080000000,0x00000000c9e06f30,0x00000000c9e80000)
 Metaspace       used 94669K, committed 96704K, reserved 1179648K
  class space    used 9958K, committed 10880K, reserved 1048576K
}
Event: 9146.610 GC heap after
{Heap after GC invocations=4270 (full 6):
 PSYoungGen      total 3584K, used 1664K [0x00000000d5580000, 0x00000000d5c00000, 0x0000000100000000)
  eden space 1536K, 0% used [0x00000000d5580000,0x00000000d5580000,0x00000000d5700000)
  from space 2048K, 81% used [0x00000000d5a00000,0x00000000d5ba0000,0x00000000d5c00000)
  to   space 2048K, 0% used [0x00000000d5700000,0x00000000d5700000,0x00000000d5900000)
 ParOldGen       total 1211904K, used 1211883K [0x0000000080000000, 0x00000000c9f80000, 0x00000000d5580000)
  object space 1211904K, 99% used [0x0000000080000000,0x00000000c9f7af30,0x00000000c9f80000)
 Metaspace       used 94669K, committed 96704K, reserved 1179648K
  class space    used 9958K, committed 10880K, reserved 1048576K
}
Event: 9146.675 GC heap before
{Heap before GC invocations=4271 (full 6):
 PSYoungGen      total 3584K, used 3189K [0x00000000d5580000, 0x00000000d5c00000, 0x0000000100000000)
  eden space 1536K, 99% used [0x00000000d5580000,0x00000000d56fd518,0x00000000d5700000)
  from space 2048K, 81% used [0x00000000d5a00000,0x00000000d5ba0000,0x00000000d5c00000)
  to   space 2048K, 0% used [0x00000000d5700000,0x00000000d5700000,0x00000000d5900000)
 ParOldGen       total 1211904K, used 1211883K [0x0000000080000000, 0x00000000c9f80000, 0x00000000d5580000)
  object space 1211904K, 99% used [0x0000000080000000,0x00000000c9f7af30,0x00000000c9f80000)
 Metaspace       used 94669K, committed 96704K, reserved 1179648K
  class space    used 9958K, committed 10880K, reserved 1048576K
}
Event: 9146.690 GC heap after
{Heap after GC invocations=4271 (full 6):
 PSYoungGen      total 3584K, used 1664K [0x00000000d5580000, 0x00000000d5b00000, 0x0000000100000000)
  eden space 1536K, 0% used [0x00000000d5580000,0x00000000d5580000,0x00000000d5700000)
  from space 2048K, 81% used [0x00000000d5700000,0x00000000d58a0000,0x00000000d5900000)
  to   space 2048K, 0% used [0x00000000d5900000,0x00000000d5900000,0x00000000d5b00000)
 ParOldGen       total 1213440K, used 1213419K [0x0000000080000000, 0x00000000ca100000, 0x00000000d5580000)
  object space 1213440K, 99% used [0x0000000080000000,0x00000000ca0faf30,0x00000000ca100000)
 Metaspace       used 94669K, committed 96704K, reserved 1179648K
  class space    used 9958K, committed 10880K, reserved 1048576K
}
Event: 9146.773 GC heap before
{Heap before GC invocations=4272 (full 6):
 PSYoungGen      total 3584K, used 3200K [0x00000000d5580000, 0x00000000d5b00000, 0x0000000100000000)
  eden space 1536K, 100% used [0x00000000d5580000,0x00000000d5700000,0x00000000d5700000)
  from space 2048K, 81% used [0x00000000d5700000,0x00000000d58a0000,0x00000000d5900000)
  to   space 2048K, 0% used [0x00000000d5900000,0x00000000d5900000,0x00000000d5b00000)
 ParOldGen       total 1213440K, used 1213419K [0x0000000080000000, 0x00000000ca100000, 0x00000000d5580000)
  object space 1213440K, 99% used [0x0000000080000000,0x00000000ca0faf30,0x00000000ca100000)
 Metaspace       used 94669K, committed 96704K, reserved 1179648K
  class space    used 9958K, committed 10880K, reserved 1048576K
}
Event: 9146.795 GC heap after
{Heap after GC invocations=4272 (full 6):
 PSYoungGen      total 3072K, used 1236K [0x00000000d5580000, 0x00000000d5a80000, 0x0000000100000000)
  eden space 1536K, 0% used [0x00000000d5580000,0x00000000d5580000,0x00000000d5700000)
  from space 1536K, 80% used [0x00000000d5900000,0x00000000d5a35200,0x00000000d5a80000)
  to   space 1536K, 0% used [0x00000000d5780000,0x00000000d5780000,0x00000000d5900000)
 ParOldGen       total 1214976K, used 1214819K [0x0000000080000000, 0x00000000ca280000, 0x00000000d5580000)
  object space 1214976K, 99% used [0x0000000080000000,0x00000000ca258f30,0x00000000ca280000)
 Metaspace       used 94669K, committed 96704K, reserved 1179648K
  class space    used 9958K, committed 10880K, reserved 1048576K
}
Event: 9147.171 GC heap before
{Heap before GC invocations=4273 (full 6):
 PSYoungGen      total 3072K, used 2754K [0x00000000d5580000, 0x00000000d5a80000, 0x0000000100000000)
  eden space 1536K, 98% used [0x00000000d5580000,0x00000000d56fb6c0,0x00000000d5700000)
  from space 1536K, 80% used [0x00000000d5900000,0x00000000d5a35200,0x00000000d5a80000)
  to   space 1536K, 0% used [0x00000000d5780000,0x00000000d5780000,0x00000000d5900000)
 ParOldGen       total 1214976K, used 1214819K [0x0000000080000000, 0x00000000ca280000, 0x00000000d5580000)
  object space 1214976K, 99% used [0x0000000080000000,0x00000000ca258f30,0x00000000ca280000)
 Metaspace       used 94669K, committed 96704K, reserved 1179648K
  class space    used 9958K, committed 10880K, reserved 1048576K
}
Event: 9147.179 GC heap after
{Heap after GC invocations=4273 (full 6):
 PSYoungGen      total 2560K, used 928K [0x00000000d5580000, 0x00000000d5a00000, 0x0000000100000000)
  eden space 1536K, 0% used [0x00000000d5580000,0x00000000d5580000,0x00000000d5700000)
  from space 1024K, 90% used [0x00000000d5780000,0x00000000d5868020,0x00000000d5880000)
  to   space 1536K, 0% used [0x00000000d5880000,0x00000000d5880000,0x00000000d5a00000)
 ParOldGen       total 1216000K, used 1215959K [0x0000000080000000, 0x00000000ca380000, 0x00000000d5580000)
  object space 1216000K, 99% used [0x0000000080000000,0x00000000ca375c98,0x00000000ca380000)
 Metaspace       used 94669K, committed 96704K, reserved 1179648K
  class space    used 9958K, committed 10880K, reserved 1048576K
}
Event: 9147.685 GC heap before
{Heap before GC invocations=4274 (full 6):
 PSYoungGen      total 2560K, used 2464K [0x00000000d5580000, 0x00000000d5a00000, 0x0000000100000000)
  eden space 1536K, 100% used [0x00000000d5580000,0x00000000d5700000,0x00000000d5700000)
  from space 1024K, 90% used [0x00000000d5780000,0x00000000d5868020,0x00000000d5880000)
  to   space 1536K, 0% used [0x00000000d5880000,0x00000000d5880000,0x00000000d5a00000)
 ParOldGen       total 1216000K, used 1215959K [0x0000000080000000, 0x00000000ca380000, 0x00000000d5580000)
  object space 1216000K, 99% used [0x0000000080000000,0x00000000ca375c98,0x00000000ca380000)
 Metaspace       used 94669K, committed 96704K, reserved 1179648K
  class space    used 9958K, committed 10880K, reserved 1048576K
}
Event: 9148.939 GC heap after
{Heap after GC invocations=4274 (full 6):
 PSYoungGen      total 3072K, used 703K [0x00000000d5580000, 0x00000000d5980000, 0x0000000100000000)
  eden space 2048K, 0% used [0x00000000d5580000,0x00000000d5580000,0x00000000d5780000)
  from space 1024K, 68% used [0x00000000d5880000,0x00000000d592fc00,0x00000000d5980000)
  to   space 1024K, 0% used [0x00000000d5780000,0x00000000d5780000,0x00000000d5880000)
 ParOldGen       total 1217024K, used 1216596K [0x0000000080000000, 0x00000000ca480000, 0x00000000d5580000)
  object space 1217024K, 99% used [0x0000000080000000,0x00000000ca415318,0x00000000ca480000)
 Metaspace       used 94669K, committed 96704K, reserved 1179648K
  class space    used 9958K, committed 10880K, reserved 1048576K
}

