# JRE version: OpenJDK Runtime Environment Temurin-21.0.11+10 (21.0.11+10) (build 21.0.11+10-LTS)
# Java VM: OpenJDK 64-Bit Server VM Temurin-21.0.11+10 (21.0.11+10-LTS, mixed mode, sharing, tiered, compressed oops, compressed class ptrs, parallel gc, windows-amd64)
GC Precious Log:
 CardTable entry size: 512
 CPUs: 12 total, 12 available
 Memory: 7484M
 Large Page Support: Disabled
 NUMA Support: Disabled
 Compressed Oops: Enabled (32-bit)
 Alignments: Space 512K, Generation 512K, Heap 2M
 Heap Min Capacity: 100M
 Heap Initial Capacity: 100M
 Heap Max Capacity: 2G
 Pre-touch: Disabled
 Parallel Workers: 10
Heap:
 PSYoungGen      total 6144K, used 5290K [0x00000000d5580000, 0x00000000d5d80000, 0x0000000100000000)
  eden space 5120K, 83% used [0x00000000d5580000,0x00000000d59aaaf0,0x00000000d5a80000)
  from space 1024K, 99% used [0x00000000d5c00000,0x00000000d5cffdc8,0x00000000d5d00000)
  to   space 512K, 0% used [0x00000000d5d00000,0x00000000d5d00000,0x00000000d5d80000)
 ParOldGen       total 1029632K, used 1029302K [0x0000000080000000, 0x00000000bed80000, 0x00000000d5580000)
  object space 1029632K, 99% used [0x0000000080000000,0x00000000bed2d880,0x00000000bed80000)
 Metaspace       used 101363K, committed 103232K, reserved 1179648K
  class space    used 11160K, committed 12032K, reserved 1048576K
GC Heap History (20 events):
Event: 100653.409 GC heap before
{Heap before GC invocations=6283 (full 7):
 PSYoungGen      total 7168K, used 6624K [0x00000000d5580000, 0x00000000d5e00000, 0x0000000100000000)
  eden space 6144K, 100% used [0x00000000d5580000,0x00000000d5b80000,0x00000000d5b80000)
  from space 1024K, 46% used [0x00000000d5c00000,0x00000000d5c78000,0x00000000d5d00000)
  to   space 1024K, 0% used [0x00000000d5d00000,0x00000000d5d00000,0x00000000d5e00000)
 ParOldGen       total 1020928K, used 1020825K [0x0000000080000000, 0x00000000be500000, 0x00000000d5580000)
  object space 1020928K, 99% used [0x0000000080000000,0x00000000be4e6578,0x00000000be500000)
 Metaspace       used 101358K, committed 103232K, reserved 1179648K
  class space    used 11160K, committed 12032K, reserved 1048576K
}
Event: 100653.413 GC heap after
{Heap after GC invocations=6283 (full 7):
 PSYoungGen      total 7168K, used 544K [0x00000000d5580000, 0x00000000d5e00000, 0x0000000100000000)
  eden space 6144K, 0% used [0x00000000d5580000,0x00000000d5580000,0x00000000d5b80000)
  from space 1024K, 53% used [0x00000000d5d00000,0x00000000d5d88000,0x00000000d5e00000)
  to   space 1024K, 0% used [0x00000000d5c00000,0x00000000d5c00000,0x00000000d5d00000)
 ParOldGen       total 1021440K, used 1021129K [0x0000000080000000, 0x00000000be580000, 0x00000000d5580000)
  object space 1021440K, 99% used [0x0000000080000000,0x00000000be532598,0x00000000be580000)
 Metaspace       used 101358K, committed 103232K, reserved 1179648K
  class space    used 11160K, committed 12032K, reserved 1048576K
}
Event: 100653.549 GC heap before
{Heap before GC invocations=6284 (full 7):
 PSYoungGen      total 7168K, used 6688K [0x00000000d5580000, 0x00000000d5e00000, 0x0000000100000000)
  eden space 6144K, 100% used [0x00000000d5580000,0x00000000d5b80000,0x00000000d5b80000)
  from space 1024K, 53% used [0x00000000d5d00000,0x00000000d5d88000,0x00000000d5e00000)
  to   space 1024K, 0% used [0x00000000d5c00000,0x00000000d5c00000,0x00000000d5d00000)
 ParOldGen       total 1021440K, used 1021129K [0x0000000080000000, 0x00000000be580000, 0x00000000d5580000)
  object space 1021440K, 99% used [0x0000000080000000,0x00000000be532598,0x00000000be580000)
 Metaspace       used 101363K, committed 103232K, reserved 1179648K
  class space    used 11160K, committed 12032K, reserved 1048576K
}
Event: 100653.553 GC heap after
{Heap after GC invocations=6284 (full 7):
 PSYoungGen      total 7168K, used 996K [0x00000000d5580000, 0x00000000d6080000, 0x0000000100000000)
  eden space 6144K, 0% used [0x00000000d5580000,0x00000000d5580000,0x00000000d5b80000)
  from space 1024K, 97% used [0x00000000d5c00000,0x00000000d5cf9050,0x00000000d5d00000)
  to   space 2560K, 0% used [0x00000000d5e00000,0x00000000d5e00000,0x00000000d6080000)
 ParOldGen       total 1022464K, used 1022245K [0x0000000080000000, 0x00000000be680000, 0x00000000d5580000)
  object space 1022464K, 99% used [0x0000000080000000,0x00000000be649700,0x00000000be680000)
 Metaspace       used 101363K, committed 103232K, reserved 1179648K
  class space    used 11160K, committed 12032K, reserved 1048576K
}
Event: 100653.662 GC heap before
{Heap before GC invocations=6285 (full 7):
 PSYoungGen      total 7168K, used 7140K [0x00000000d5580000, 0x00000000d6080000, 0x0000000100000000)
  eden space 6144K, 100% used [0x00000000d5580000,0x00000000d5b80000,0x00000000d5b80000)
  from space 1024K, 97% used [0x00000000d5c00000,0x00000000d5cf9050,0x00000000d5d00000)
  to   space 2560K, 0% used [0x00000000d5e00000,0x00000000d5e00000,0x00000000d6080000)
 ParOldGen       total 1022464K, used 1022245K [0x0000000080000000, 0x00000000be680000, 0x00000000d5580000)
  object space 1022464K, 99% used [0x0000000080000000,0x00000000be649700,0x00000000be680000)
 Metaspace       used 101363K, committed 103232K, reserved 1179648K
  class space    used 11160K, committed 12032K, reserved 1048576K
}
Event: 100653.666 GC heap after
{Heap after GC invocations=6285 (full 7):
 PSYoungGen      total 7680K, used 1184K [0x00000000d5580000, 0x00000000d5f80000, 0x0000000100000000)
  eden space 6144K, 0% used [0x00000000d5580000,0x00000000d5580000,0x00000000d5b80000)
  from space 1536K, 77% used [0x00000000d5e00000,0x00000000d5f28000,0x00000000d5f80000)
  to   space 1536K, 0% used [0x00000000d5c80000,0x00000000d5c80000,0x00000000d5e00000)
 ParOldGen       total 1022976K, used 1022733K [0x0000000080000000, 0x00000000be700000, 0x00000000d5580000)
  object space 1022976K, 99% used [0x0000000080000000,0x00000000be6c3750,0x00000000be700000)
 Metaspace       used 101363K, committed 103232K, reserved 1179648K
  class space    used 11160K, committed 12032K, reserved 1048576K
}
Event: 100653.791 GC heap before
{Heap before GC invocations=6286 (full 7):
 PSYoungGen      total 7680K, used 7328K [0x00000000d5580000, 0x00000000d5f80000, 0x0000000100000000)
  eden space 6144K, 100% used [0x00000000d5580000,0x00000000d5b80000,0x00000000d5b80000)
  from space 1536K, 77% used [0x00000000d5e00000,0x00000000d5f28000,0x00000000d5f80000)
  to   space 1536K, 0% used [0x00000000d5c80000,0x00000000d5c80000,0x00000000d5e00000)
 ParOldGen       total 1022976K, used 1022733K [0x0000000080000000, 0x00000000be700000, 0x00000000d5580000)
  object space 1022976K, 99% used [0x0000000080000000,0x00000000be6c3750,0x00000000be700000)
 Metaspace       used 101363K, committed 103232K, reserved 1179648K
  class space    used 11160K, committed 12032K, reserved 1048576K
}
Event: 100653.794 GC heap after
{Heap after GC invocations=6286 (full 7):
 PSYoungGen      total 7168K, used 864K [0x00000000d5580000, 0x00000000d5e80000, 0x0000000100000000)
  eden space 6144K, 0% used [0x00000000d5580000,0x00000000d5580000,0x00000000d5b80000)
  from space 1024K, 84% used [0x00000000d5c80000,0x00000000d5d58000,0x00000000d5d80000)
  to   space 1024K, 0% used [0x00000000d5d80000,0x00000000d5d80000,0x00000000d5e80000)
 ParOldGen       total 1024000K, used 1023749K [0x0000000080000000, 0x00000000be800000, 0x00000000d5580000)
  object space 1024000K, 99% used [0x0000000080000000,0x00000000be7c1770,0x00000000be800000)
 Metaspace       used 101363K, committed 103232K, reserved 1179648K
  class space    used 11160K, committed 12032K, reserved 1048576K
}
Event: 100653.853 GC heap before
{Heap before GC invocations=6287 (full 7):
 PSYoungGen      total 7168K, used 7008K [0x00000000d5580000, 0x00000000d5e80000, 0x0000000100000000)
  eden space 6144K, 100% used [0x00000000d5580000,0x00000000d5b80000,0x00000000d5b80000)
  from space 1024K, 84% used [0x00000000d5c80000,0x00000000d5d58000,0x00000000d5d80000)
  to   space 1024K, 0% used [0x00000000d5d80000,0x00000000d5d80000,0x00000000d5e80000)
 ParOldGen       total 1024000K, used 1023749K [0x0000000080000000, 0x00000000be800000, 0x00000000d5580000)
  object space 1024000K, 99% used [0x0000000080000000,0x00000000be7c1770,0x00000000be800000)
 Metaspace       used 101363K, committed 103232K, reserved 1179648K
  class space    used 11160K, committed 12032K, reserved 1048576K
}
Event: 100653.856 GC heap after
{Heap after GC invocations=6287 (full 7):
 PSYoungGen      total 6144K, used 1024K [0x00000000d5580000, 0x00000000d6180000, 0x0000000100000000)
  eden space 5120K, 0% used [0x00000000d5580000,0x00000000d5580000,0x00000000d5a80000)
  from space 1024K, 100% used [0x00000000d5d80000,0x00000000d5e80000,0x00000000d5e80000)
  to   space 3072K, 0% used [0x00000000d5a80000,0x00000000d5a80000,0x00000000d5d80000)
 ParOldGen       total 1025536K, used 1025093K [0x0000000080000000, 0x00000000be980000, 0x00000000d5580000)
  object space 1025536K, 99% used [0x0000000080000000,0x00000000be911770,0x00000000be980000)
 Metaspace       used 101363K, committed 103232K, reserved 1179648K
  class space    used 11160K, committed 12032K, reserved 1048576K
}
Event: 100653.906 GC heap before
{Heap before GC invocations=6288 (full 7):
 PSYoungGen      total 6144K, used 6144K [0x00000000d5580000, 0x00000000d6180000, 0x0000000100000000)
  eden space 5120K, 100% used [0x00000000d5580000,0x00000000d5a80000,0x00000000d5a80000)
  from space 1024K, 100% used [0x00000000d5d80000,0x00000000d5e80000,0x00000000d5e80000)
  to   space 3072K, 0% used [0x00000000d5a80000,0x00000000d5a80000,0x00000000d5d80000)
 ParOldGen       total 1025536K, used 1025093K [0x0000000080000000, 0x00000000be980000, 0x00000000d5580000)
  object space 1025536K, 99% used [0x0000000080000000,0x00000000be911770,0x00000000be980000)
 Metaspace       used 101363K, committed 103232K, reserved 1179648K
  class space    used 11160K, committed 12032K, reserved 1048576K
}
Event: 100653.909 GC heap after
{Heap after GC invocations=6288 (full 7):
 PSYoungGen      total 8192K, used 2878K [0x00000000d5580000, 0x00000000d6080000, 0x0000000100000000)
  eden space 5120K, 0% used [0x00000000d5580000,0x00000000d5580000,0x00000000d5a80000)
  from space 3072K, 93% used [0x00000000d5a80000,0x00000000d5d4f910,0x00000000d5d80000)
  to   space 3072K, 0% used [0x00000000d5d80000,0x00000000d5d80000,0x00000000d6080000)
 ParOldGen       total 1026560K, used 1026125K [0x0000000080000000, 0x00000000bea80000, 0x00000000d5580000)
  object space 1026560K, 99% used [0x0000000080000000,0x00000000bea13770,0x00000000bea80000)
 Metaspace       used 101363K, committed 103232K, reserved 1179648K
  class space    used 11160K, committed 12032K, reserved 1048576K
}
Event: 100653.921 GC heap before
{Heap before GC invocations=6289 (full 7):
 PSYoungGen      total 8192K, used 7998K [0x00000000d5580000, 0x00000000d6080000, 0x0000000100000000)
  eden space 5120K, 100% used [0x00000000d5580000,0x00000000d5a80000,0x00000000d5a80000)
  from space 3072K, 93% used [0x00000000d5a80000,0x00000000d5d4f910,0x00000000d5d80000)
  to   space 3072K, 0% used [0x00000000d5d80000,0x00000000d5d80000,0x00000000d6080000)
 ParOldGen       total 1026560K, used 1026125K [0x0000000080000000, 0x00000000bea80000, 0x00000000d5580000)
  object space 1026560K, 99% used [0x0000000080000000,0x00000000bea13770,0x00000000bea80000)
 Metaspace       used 101363K, committed 103232K, reserved 1179648K
  class space    used 11160K, committed 12032K, reserved 1048576K
}
Event: 100653.926 GC heap after
{Heap after GC invocations=6289 (full 7):
 PSYoungGen      total 5632K, used 320K [0x00000000d5580000, 0x00000000d5e00000, 0x0000000100000000)
  eden space 5120K, 0% used [0x00000000d5580000,0x00000000d5580000,0x00000000d5a80000)
  from space 512K, 62% used [0x00000000d5d80000,0x00000000d5dd0000,0x00000000d5e00000)
  to   space 1536K, 0% used [0x00000000d5b00000,0x00000000d5b00000,0x00000000d5c80000)
 ParOldGen       total 1029120K, used 1028884K [0x0000000080000000, 0x00000000bed00000, 0x00000000d5580000)
  object space 1029120K, 99% used [0x0000000080000000,0x00000000becc5080,0x00000000bed00000)
 Metaspace       used 101363K, committed 103232K, reserved 1179648K
  class space    used 11160K, committed 12032K, reserved 1048576K
}
Event: 100654.041 GC heap before
{Heap before GC invocations=6290 (full 7):
 PSYoungGen      total 5632K, used 5440K [0x00000000d5580000, 0x00000000d5e00000, 0x0000000100000000)
  eden space 5120K, 100% used [0x00000000d5580000,0x00000000d5a80000,0x00000000d5a80000)
  from space 512K, 62% used [0x00000000d5d80000,0x00000000d5dd0000,0x00000000d5e00000)
  to   space 1536K, 0% used [0x00000000d5b00000,0x00000000d5b00000,0x00000000d5c80000)
 ParOldGen       total 1029120K, used 1028884K [0x0000000080000000, 0x00000000bed00000, 0x00000000d5580000)
  object space 1029120K, 99% used [0x0000000080000000,0x00000000becc5080,0x00000000bed00000)
 Metaspace       used 101363K, committed 103232K, reserved 1179648K
  class space    used 11160K, committed 12032K, reserved 1048576K
}
Event: 100654.045 GC heap after
{Heap after GC invocations=6290 (full 7):
 PSYoungGen      total 6656K, used 700K [0x00000000d5580000, 0x00000000d5e00000, 0x0000000100000000)
  eden space 5120K, 0% used [0x00000000d5580000,0x00000000d5580000,0x00000000d5a80000)
  from space 1536K, 45% used [0x00000000d5b00000,0x00000000d5baf3e0,0x00000000d5c80000)
  to   space 1024K, 0% used [0x00000000d5d00000,0x00000000d5d00000,0x00000000d5e00000)
 ParOldGen       total 1029120K, used 1029036K [0x0000000080000000, 0x00000000bed00000, 0x00000000d5580000)
  object space 1029120K, 99% used [0x0000000080000000,0x00000000beceb080,0x00000000bed00000)
 Metaspace       used 101363K, committed 103232K, reserved 1179648K
  class space    used 11160K, committed 12032K, reserved 1048576K
}
Event: 100654.146 GC heap before
{Heap before GC invocations=6291 (full 7):
 PSYoungGen      total 6656K, used 5820K [0x00000000d5580000, 0x00000000d5e00000, 0x0000000100000000)
  eden space 5120K, 100% used [0x00000000d5580000,0x00000000d5a80000,0x00000000d5a80000)
  from space 1536K, 45% used [0x00000000d5b00000,0x00000000d5baf3e0,0x00000000d5c80000)
  to   space 1024K, 0% used [0x00000000d5d00000,0x00000000d5d00000,0x00000000d5e00000)
 ParOldGen       total 1029120K, used 1029036K [0x0000000080000000, 0x00000000bed00000, 0x00000000d5580000)
  object space 1029120K, 99% used [0x0000000080000000,0x00000000beceb080,0x00000000bed00000)
 Metaspace       used 101363K, committed 103232K, reserved 1179648K
  class space    used 11160K, committed 12032K, reserved 1048576K
}
Event: 100654.150 GC heap after
{Heap after GC invocations=6291 (full 7):
 PSYoungGen      total 6144K, used 859K [0x00000000d5580000, 0x00000000d5e00000, 0x0000000100000000)
  eden space 5120K, 0% used [0x00000000d5580000,0x00000000d5580000,0x00000000d5a80000)
  from space 1024K, 83% used [0x00000000d5d00000,0x00000000d5dd6d60,0x00000000d5e00000)
  to   space 1024K, 0% used [0x00000000d5c00000,0x00000000d5c00000,0x00000000d5d00000)
 ParOldGen       total 1029120K, used 1029108K [0x0000000080000000, 0x00000000bed00000, 0x00000000d5580000)
  object space 1029120K, 99% used [0x0000000080000000,0x00000000becfd080,0x00000000bed00000)
 Metaspace       used 101363K, committed 103232K, reserved 1179648K
  class space    used 11160K, committed 12032K, reserved 1048576K
}
Event: 100660.694 GC heap before
{Heap before GC invocations=6292 (full 7):
 PSYoungGen      total 6144K, used 5979K [0x00000000d5580000, 0x00000000d5e00000, 0x0000000100000000)
  eden space 5120K, 100% used [0x00000000d5580000,0x00000000d5a80000,0x00000000d5a80000)
  from space 1024K, 83% used [0x00000000d5d00000,0x00000000d5dd6d60,0x00000000d5e00000)
  to   space 1024K, 0% used [0x00000000d5c00000,0x00000000d5c00000,0x00000000d5d00000)
 ParOldGen       total 1029120K, used 1029108K [0x0000000080000000, 0x00000000bed00000, 0x00000000d5580000)
  object space 1029120K, 99% used [0x0000000080000000,0x00000000becfd080,0x00000000bed00000)
 Metaspace       used 101363K, committed 103232K, reserved 1179648K
  class space    used 11160K, committed 12032K, reserved 1048576K
}
Event: 100660.696 GC heap after
{Heap after GC invocations=6292 (full 7):
 PSYoungGen      total 6144K, used 1023K [0x00000000d5580000, 0x00000000d5d80000, 0x0000000100000000)
  eden space 5120K, 0% used [0x00000000d5580000,0x00000000d5580000,0x00000000d5a80000)
  from space 1024K, 99% used [0x00000000d5c00000,0x00000000d5cffdc8,0x00000000d5d00000)
  to   space 512K, 0% used [0x00000000d5d00000,0x00000000d5d00000,0x00000000d5d80000)
 ParOldGen       total 1029632K, used 1029302K [0x0000000080000000, 0x00000000bed80000, 0x00000000d5580000)
  object space 1029632K, 99% used [0x0000000080000000,0x00000000bed2d880,0x00000000bed80000)
 Metaspace       used 101363K, committed 103232K, reserved 1179648K
  class space    used 11160K, committed 12032K, reserved 1048576K
}

